  Ch04-2_Example.cpp
  Ch04_Example.cpp
  Ch05-1_Example.cpp
C:\Users\ASUS\Cpp_PL\CPP_Basic\CPP_Basic\CPP_Basic2\CPP_Basic2\Ch05-1_Example.cpp(9,16): error C2131: expression did not evaluate to a constant
C:\Users\ASUS\Cpp_PL\CPP_Basic\CPP_Basic\CPP_Basic2\CPP_Basic2\Ch05-1_Example.cpp(9,16): message : failure was caused by a read of a variable outside its lifetime
C:\Users\ASUS\Cpp_PL\CPP_Basic\CPP_Basic\CPP_Basic2\CPP_Basic2\Ch05-1_Example.cpp(9,16): message : see usage of 'Counter'
C:\Users\ASUS\Cpp_PL\CPP_Basic\CPP_Basic\CPP_Basic2\CPP_Basic2\Ch05-1_Example.cpp(14,13): warning C4552: '>>': result of expression not used
C:\Users\ASUS\Cpp_PL\CPP_Basic\CPP_Basic\CPP_Basic2\CPP_Basic2\Ch05-1_Example.cpp(41,16): error C2131: expression did not evaluate to a constant
C:\Users\ASUS\Cpp_PL\CPP_Basic\CPP_Basic\CPP_Basic2\CPP_Basic2\Ch05-1_Example.cpp(41,16): message : failure was caused by a read of a variable outside its lifetime
C:\Users\ASUS\Cpp_PL\CPP_Basic\CPP_Basic\CPP_Basic2\CPP_Basic2\Ch05-1_Example.cpp(41,16): message : see usage of 'Counter'
C:\Users\ASUS\Cpp_PL\CPP_Basic\CPP_Basic\CPP_Basic2\CPP_Basic2\Ch05-1_Example.cpp(44,13): warning C4552: '>>': result of expression not used
C:\Users\ASUS\Cpp_PL\CPP_Basic\CPP_Basic\CPP_Basic2\CPP_Basic2\Ch05-1_Example.cpp(51,31): warning C4552: '<<': result of expression not used
C:\Users\ASUS\Cpp_PL\CPP_Basic\CPP_Basic\CPP_Basic2\CPP_Basic2\Ch05-1_Example.cpp(64,21): error C2131: expression did not evaluate to a constant
C:\Users\ASUS\Cpp_PL\CPP_Basic\CPP_Basic\CPP_Basic2\CPP_Basic2\Ch05-1_Example.cpp(64,21): message : failure was caused by a read of a variable outside its lifetime
C:\Users\ASUS\Cpp_PL\CPP_Basic\CPP_Basic\CPP_Basic2\CPP_Basic2\Ch05-1_Example.cpp(64,21): message : see usage of 'Counter'
C:\Users\ASUS\Cpp_PL\CPP_Basic\CPP_Basic\CPP_Basic2\CPP_Basic2\Ch05-1_Example.cpp(67,24): error C3863: array type 'int [Counter]' is not assignable
C:\Users\ASUS\Cpp_PL\CPP_Basic\CPP_Basic\CPP_Basic2\CPP_Basic2\Ch05-1_Example.cpp(70,28): error C2131: expression did not evaluate to a constant
C:\Users\ASUS\Cpp_PL\CPP_Basic\CPP_Basic\CPP_Basic2\CPP_Basic2\Ch05-1_Example.cpp(70,20): message : failure was caused by a read of a variable outside its lifetime
C:\Users\ASUS\Cpp_PL\CPP_Basic\CPP_Basic\CPP_Basic2\CPP_Basic2\Ch05-1_Example.cpp(70,20): message : see usage of 'Counter'
C:\Users\ASUS\Cpp_PL\CPP_Basic\CPP_Basic\CPP_Basic2\CPP_Basic2\Ch05-1_Example.cpp(73,13): warning C4552: '>>': result of expression not used
  Ch05_Array.cpp
  Generating Code...
